  stdafx.cpp
  arraylist.cpp
  debug.cpp
  json_object.cpp
d:\work\weather-json\weather\weather\json_object.cpp(268): warning C4996: 'strdup': The POSIX name for this item is deprecated. Instead, use the ISO C and C++ conformant name: _strdup. See online help for details.
  c:\program files (x86)\windows kits\10\include\10.0.22621.0\ucrt\string.h(532): note:  см. объявление "strdup"
d:\work\weather-json\weather\weather\json_object.cpp(348): warning C4996: 'sscanf': This function or variable may be unsafe. Consider using sscanf_s instead. To disable deprecation, use _CRT_SECURE_NO_WARNINGS. See online help for details.
  c:\program files (x86)\windows kits\10\include\10.0.22621.0\ucrt\stdio.h(2240): note:  см. объявление "sscanf"
d:\work\weather-json\weather\weather\json_object.cpp(385): warning C4996: 'sscanf': This function or variable may be unsafe. Consider using sscanf_s instead. To disable deprecation, use _CRT_SECURE_NO_WARNINGS. See online help for details.
  c:\program files (x86)\windows kits\10\include\10.0.22621.0\ucrt\stdio.h(2240): note:  см. объявление "sscanf"
d:\work\weather-json\weather\weather\json_object.cpp(415): warning C4996: 'strdup': The POSIX name for this item is deprecated. Instead, use the ISO C and C++ conformant name: _strdup. See online help for details.
  c:\program files (x86)\windows kits\10\include\10.0.22621.0\ucrt\string.h(532): note:  см. объявление "strdup"
  json_tokener.cpp
d:\work\weather-json\weather\weather\json_tokener.cpp(280): warning C4018: <: несоответствие типов со знаком и без знака
d:\work\weather-json\weather\weather\json_tokener.cpp(443): warning C4018: <: несоответствие типов со знаком и без знака
d:\work\weather-json\weather\weather\json_tokener.cpp(451): warning C4018: <: несоответствие типов со знаком и без знака
d:\work\weather-json\weather\weather\json_tokener.cpp(484): warning C4996: 'sscanf': This function or variable may be unsafe. Consider using sscanf_s instead. To disable deprecation, use _CRT_SECURE_NO_WARNINGS. See online help for details.
  c:\program files (x86)\windows kits\10\include\10.0.22621.0\ucrt\stdio.h(2240): note:  см. объявление "sscanf"
d:\work\weather-json\weather\weather\json_tokener.cpp(486): warning C4996: 'sscanf': This function or variable may be unsafe. Consider using sscanf_s instead. To disable deprecation, use _CRT_SECURE_NO_WARNINGS. See online help for details.
  c:\program files (x86)\windows kits\10\include\10.0.22621.0\ucrt\stdio.h(2240): note:  см. объявление "sscanf"
d:\work\weather-json\weather\weather\json_tokener.cpp(554): warning C4996: 'strdup': The POSIX name for this item is deprecated. Instead, use the ISO C and C++ conformant name: _strdup. See online help for details.
  c:\program files (x86)\windows kits\10\include\10.0.22621.0\ucrt\string.h(532): note:  см. объявление "strdup"
  json_util.cpp
d:\work\weather-json\weather\weather\json_util.cpp(63): warning C4996: '_open': This function or variable may be unsafe. Consider using _sopen_s instead. To disable deprecation, use _CRT_SECURE_NO_WARNINGS. See online help for details.
  c:\program files (x86)\windows kits\10\include\10.0.22621.0\ucrt\corecrt_io.h(392): note:  см. объявление "_open"
d:\work\weather-json\weather\weather\json_util.cpp(64): warning C4996: 'strerror': This function or variable may be unsafe. Consider using strerror_s instead. To disable deprecation, use _CRT_SECURE_NO_WARNINGS. See online help for details.
  c:\program files (x86)\windows kits\10\include\10.0.22621.0\ucrt\string.h(178): note:  см. объявление "strerror"
d:\work\weather-json\weather\weather\json_util.cpp(72): warning C4996: 'read': The POSIX name for this item is deprecated. Instead, use the ISO C and C++ conformant name: _read. See online help for details.
  c:\program files (x86)\windows kits\10\include\10.0.22621.0\ucrt\corecrt_io.h(525): note:  см. объявление "read"
d:\work\weather-json\weather\weather\json_util.cpp(75): warning C4996: 'close': The POSIX name for this item is deprecated. Instead, use the ISO C and C++ conformant name: _close. See online help for details.
  c:\program files (x86)\windows kits\10\include\10.0.22621.0\ucrt\corecrt_io.h(461): note:  см. объявление "close"
d:\work\weather-json\weather\weather\json_util.cpp(77): warning C4996: 'strerror': This function or variable may be unsafe. Consider using strerror_s instead. To disable deprecation, use _CRT_SECURE_NO_WARNINGS. See online help for details.
  c:\program files (x86)\windows kits\10\include\10.0.22621.0\ucrt\string.h(178): note:  см. объявление "strerror"
d:\work\weather-json\weather\weather\json_util.cpp(98): warning C4996: '_open': This function or variable may be unsafe. Consider using _sopen_s instead. To disable deprecation, use _CRT_SECURE_NO_WARNINGS. See online help for details.
  c:\program files (x86)\windows kits\10\include\10.0.22621.0\ucrt\corecrt_io.h(392): note:  см. объявление "_open"
d:\work\weather-json\weather\weather\json_util.cpp(99): warning C4996: 'strerror': This function or variable may be unsafe. Consider using strerror_s instead. To disable deprecation, use _CRT_SECURE_NO_WARNINGS. See online help for details.
  c:\program files (x86)\windows kits\10\include\10.0.22621.0\ucrt\string.h(178): note:  см. объявление "strerror"
d:\work\weather-json\weather\weather\json_util.cpp(110): warning C4996: 'write': The POSIX name for this item is deprecated. Instead, use the ISO C and C++ conformant name: _write. See online help for details.
  c:\program files (x86)\windows kits\10\include\10.0.22621.0\ucrt\corecrt_io.h(560): note:  см. объявление "write"
d:\work\weather-json\weather\weather\json_util.cpp(111): warning C4996: 'close': The POSIX name for this item is deprecated. Instead, use the ISO C and C++ conformant name: _close. See online help for details.
  c:\program files (x86)\windows kits\10\include\10.0.22621.0\ucrt\corecrt_io.h(461): note:  см. объявление "close"
d:\work\weather-json\weather\weather\json_util.cpp(112): warning C4996: 'strerror': This function or variable may be unsafe. Consider using strerror_s instead. To disable deprecation, use _CRT_SECURE_NO_WARNINGS. See online help for details.
  c:\program files (x86)\windows kits\10\include\10.0.22621.0\ucrt\string.h(178): note:  см. объявление "strerror"
d:\work\weather-json\weather\weather\json_util.cpp(121): warning C4996: 'close': The POSIX name for this item is deprecated. Instead, use the ISO C and C++ conformant name: _close. See online help for details.
  c:\program files (x86)\windows kits\10\include\10.0.22621.0\ucrt\corecrt_io.h(461): note:  см. объявление "close"
  linkhash.cpp
  printbuf.cpp
d:\work\weather-json\weather\weather\printbuf.cpp(100): warning C4996: 'vsprintf': This function or variable may be unsafe. Consider using vsprintf_s instead. To disable deprecation, use _CRT_SECURE_NO_WARNINGS. See online help for details.
  c:\program files (x86)\windows kits\10\include\10.0.22621.0\ucrt\stdio.h(1465): note:  см. объявление "vsprintf"
d:\work\weather-json\weather\weather\printbuf.cpp(120): warning C4996: '_vsnprintf': This function or variable may be unsafe. Consider using _vsnprintf_s instead. To disable deprecation, use _CRT_SECURE_NO_WARNINGS. See online help for details.
  c:\program files (x86)\windows kits\10\include\10.0.22621.0\ucrt\stdio.h(1402): note:  см. объявление "_vsnprintf"
  Weather.cpp
  WeatherInfo.cpp
  WeatherInformer.cpp
d:\work\weather-json\weather\weather\weatherinformer.cpp(202): warning C4996: 'strcpy': This function or variable may be unsafe. Consider using strcpy_s instead. To disable deprecation, use _CRT_SECURE_NO_WARNINGS. See online help for details.
  c:\program files (x86)\windows kits\10\include\10.0.22621.0\ucrt\string.h(130): note:  см. объявление "strcpy"
d:\work\weather-json\weather\weather\weatherinformer.cpp(219): warning C4996: 'strcpy': This function or variable may be unsafe. Consider using strcpy_s instead. To disable deprecation, use _CRT_SECURE_NO_WARNINGS. See online help for details.
  c:\program files (x86)\windows kits\10\include\10.0.22621.0\ucrt\string.h(130): note:  см. объявление "strcpy"
d:\work\weather-json\weather\weather\weatherinformer.cpp(263): warning C4244: =: преобразование "double" в "int", возможна потеря данных
d:\work\weather-json\weather\weather\weatherinformer.cpp(264): warning C4244: =: преобразование "double" в "int", возможна потеря данных
d:\work\weather-json\weather\weather\weatherinformer.cpp(280): warning C4244: =: преобразование "double" в "int", возможна потеря данных
d:\work\weather-json\weather\weather\weatherinformer.cpp(281): warning C4244: =: преобразование "double" в "int", возможна потеря данных
d:\work\weather-json\weather\weather\weatherinformer.cpp(297): warning C4996: 'strcpy': This function or variable may be unsafe. Consider using strcpy_s instead. To disable deprecation, use _CRT_SECURE_NO_WARNINGS. See online help for details.
  c:\program files (x86)\windows kits\10\include\10.0.22621.0\ucrt\string.h(130): note:  см. объявление "strcpy"
d:\work\weather-json\weather\weather\weatherinformer.cpp(298): warning C4996: 'strcat': This function or variable may be unsafe. Consider using strcat_s instead. To disable deprecation, use _CRT_SECURE_NO_WARNINGS. See online help for details.
  c:\program files (x86)\windows kits\10\include\10.0.22621.0\ucrt\string.h(91): note:  см. объявление "strcat"
d:\work\weather-json\weather\weather\weatherinformer.cpp(359): warning C4996: 'strcpy': This function or variable may be unsafe. Consider using strcpy_s instead. To disable deprecation, use _CRT_SECURE_NO_WARNINGS. See online help for details.
  c:\program files (x86)\windows kits\10\include\10.0.22621.0\ucrt\string.h(130): note:  см. объявление "strcpy"
d:\work\weather-json\weather\weather\weatherinformer.cpp(360): warning C4996: 'strcat': This function or variable may be unsafe. Consider using strcat_s instead. To disable deprecation, use _CRT_SECURE_NO_WARNINGS. See online help for details.
  c:\program files (x86)\windows kits\10\include\10.0.22621.0\ucrt\string.h(91): note:  см. объявление "strcat"
d:\work\weather-json\weather\weather\weatherinformer.cpp(361): warning C4996: 'strcat': This function or variable may be unsafe. Consider using strcat_s instead. To disable deprecation, use _CRT_SECURE_NO_WARNINGS. See online help for details.
  c:\program files (x86)\windows kits\10\include\10.0.22621.0\ucrt\string.h(91): note:  см. объявление "strcat"
d:\work\weather-json\weather\weather\weatherinformer.cpp(421): warning C4996: 'strcpy': This function or variable may be unsafe. Consider using strcpy_s instead. To disable deprecation, use _CRT_SECURE_NO_WARNINGS. See online help for details.
  c:\program files (x86)\windows kits\10\include\10.0.22621.0\ucrt\string.h(130): note:  см. объявление "strcpy"
d:\work\weather-json\weather\weather\weatherinformer.cpp(422): warning C4996: 'strcat': This function or variable may be unsafe. Consider using strcat_s instead. To disable deprecation, use _CRT_SECURE_NO_WARNINGS. See online help for details.
  c:\program files (x86)\windows kits\10\include\10.0.22621.0\ucrt\string.h(91): note:  см. объявление "strcat"
d:\work\weather-json\weather\weather\weatherinformer.cpp(423): warning C4996: 'strcat': This function or variable may be unsafe. Consider using strcat_s instead. To disable deprecation, use _CRT_SECURE_NO_WARNINGS. See online help for details.
  c:\program files (x86)\windows kits\10\include\10.0.22621.0\ucrt\string.h(91): note:  см. объявление "strcat"
d:\work\weather-json\weather\weather\weatherinformer.cpp(480): warning C4996: 'strcpy': This function or variable may be unsafe. Consider using strcpy_s instead. To disable deprecation, use _CRT_SECURE_NO_WARNINGS. See online help for details.
  c:\program files (x86)\windows kits\10\include\10.0.22621.0\ucrt\string.h(130): note:  см. объявление "strcpy"
d:\work\weather-json\weather\weather\weatherinformer.cpp(481): warning C4996: 'strcat': This function or variable may be unsafe. Consider using strcat_s instead. To disable deprecation, use _CRT_SECURE_NO_WARNINGS. See online help for details.
  c:\program files (x86)\windows kits\10\include\10.0.22621.0\ucrt\string.h(91): note:  см. объявление "strcat"
d:\work\weather-json\weather\weather\weatherinformer.cpp(482): warning C4996: 'strcat': This function or variable may be unsafe. Consider using strcat_s instead. To disable deprecation, use _CRT_SECURE_NO_WARNINGS. See online help for details.
  c:\program files (x86)\windows kits\10\include\10.0.22621.0\ucrt\string.h(91): note:  см. объявление "strcat"
d:\work\weather-json\weather\weather\weatherinformer.cpp(540): warning C4996: 'strcpy': This function or variable may be unsafe. Consider using strcpy_s instead. To disable deprecation, use _CRT_SECURE_NO_WARNINGS. See online help for details.
  c:\program files (x86)\windows kits\10\include\10.0.22621.0\ucrt\string.h(130): note:  см. объявление "strcpy"
d:\work\weather-json\weather\weather\weatherinformer.cpp(541): warning C4996: 'strcat': This function or variable may be unsafe. Consider using strcat_s instead. To disable deprecation, use _CRT_SECURE_NO_WARNINGS. See online help for details.
  c:\program files (x86)\windows kits\10\include\10.0.22621.0\ucrt\string.h(91): note:  см. объявление "strcat"
d:\work\weather-json\weather\weather\weatherinformer.cpp(542): warning C4996: 'strcat': This function or variable may be unsafe. Consider using strcat_s instead. To disable deprecation, use _CRT_SECURE_NO_WARNINGS. See online help for details.
  c:\program files (x86)\windows kits\10\include\10.0.22621.0\ucrt\string.h(91): note:  см. объявление "strcat"
d:\work\weather-json\weather\weather\weatherinformer.cpp(796): warning C4996: 'strcpy': This function or variable may be unsafe. Consider using strcpy_s instead. To disable deprecation, use _CRT_SECURE_NO_WARNINGS. See online help for details.
  c:\program files (x86)\windows kits\10\include\10.0.22621.0\ucrt\string.h(130): note:  см. объявление "strcpy"
  WeatherInformerContainer.cpp
d:\work\weather-json\weather\weather\weatherinformercontainer.cpp(240): warning C4996: 'strcpy': This function or variable may be unsafe. Consider using strcpy_s instead. To disable deprecation, use _CRT_SECURE_NO_WARNINGS. See online help for details.
  c:\program files (x86)\windows kits\10\include\10.0.22621.0\ucrt\string.h(130): note:  см. объявление "strcpy"
d:\work\weather-json\weather\weather\weatherinformercontainer.cpp(282): warning C4996: 'strcpy': This function or variable may be unsafe. Consider using strcpy_s instead. To disable deprecation, use _CRT_SECURE_NO_WARNINGS. See online help for details.
  c:\program files (x86)\windows kits\10\include\10.0.22621.0\ucrt\string.h(130): note:  см. объявление "strcpy"
d:\work\weather-json\weather\weather\weatherinformercontainer.cpp(283): warning C4996: 'strcat': This function or variable may be unsafe. Consider using strcat_s instead. To disable deprecation, use _CRT_SECURE_NO_WARNINGS. See online help for details.
  c:\program files (x86)\windows kits\10\include\10.0.22621.0\ucrt\string.h(91): note:  см. объявление "strcat"
d:\work\weather-json\weather\weather\weatherinformercontainer.cpp(284): warning C4996: 'strcat': This function or variable may be unsafe. Consider using strcat_s instead. To disable deprecation, use _CRT_SECURE_NO_WARNINGS. See online help for details.
  c:\program files (x86)\windows kits\10\include\10.0.22621.0\ucrt\string.h(91): note:  см. объявление "strcat"
d:\work\weather-json\weather\weather\weatherinformercontainer.cpp(340): warning C4996: 'fopen': This function or variable may be unsafe. Consider using fopen_s instead. To disable deprecation, use _CRT_SECURE_NO_WARNINGS. See online help for details.
  c:\program files (x86)\windows kits\10\include\10.0.22621.0\ucrt\stdio.h(213): note:  см. объявление "fopen"
d:\work\weather-json\weather\weather\weatherinformercontainer.cpp(370): warning C4996: 'strcpy': This function or variable may be unsafe. Consider using strcpy_s instead. To disable deprecation, use _CRT_SECURE_NO_WARNINGS. See online help for details.
  c:\program files (x86)\windows kits\10\include\10.0.22621.0\ucrt\string.h(130): note:  см. объявление "strcpy"
d:\work\weather-json\weather\weather\weatherinformercontainer.cpp(371): warning C4996: 'strcat': This function or variable may be unsafe. Consider using strcat_s instead. To disable deprecation, use _CRT_SECURE_NO_WARNINGS. See online help for details.
  c:\program files (x86)\windows kits\10\include\10.0.22621.0\ucrt\string.h(91): note:  см. объявление "strcat"
d:\work\weather-json\weather\weather\weatherinformercontainer.cpp(372): warning C4996: 'strcat': This function or variable may be unsafe. Consider using strcat_s instead. To disable deprecation, use _CRT_SECURE_NO_WARNINGS. See online help for details.
  c:\program files (x86)\windows kits\10\include\10.0.22621.0\ucrt\string.h(91): note:  см. объявление "strcat"
d:\work\weather-json\weather\weather\weatherinformercontainer.cpp(377): warning C4996: 'fopen': This function or variable may be unsafe. Consider using fopen_s instead. To disable deprecation, use _CRT_SECURE_NO_WARNINGS. See online help for details.
  c:\program files (x86)\windows kits\10\include\10.0.22621.0\ucrt\stdio.h(213): note:  см. объявление "fopen"
d:\work\weather-json\weather\weather\weatherinformercontainer.cpp(382): warning C4996: 'strcpy': This function or variable may be unsafe. Consider using strcpy_s instead. To disable deprecation, use _CRT_SECURE_NO_WARNINGS. See online help for details.
  c:\program files (x86)\windows kits\10\include\10.0.22621.0\ucrt\string.h(130): note:  см. объявление "strcpy"
d:\work\weather-json\weather\weather\weatherinformercontainer.cpp(386): warning C4996: 'strcpy': This function or variable may be unsafe. Consider using strcpy_s instead. To disable deprecation, use _CRT_SECURE_NO_WARNINGS. See online help for details.
  c:\program files (x86)\windows kits\10\include\10.0.22621.0\ucrt\string.h(130): note:  см. объявление "strcpy"
d:\work\weather-json\weather\weather\weatherinformercontainer.cpp(395): warning C4996: 'itoa': The POSIX name for this item is deprecated. Instead, use the ISO C and C++ conformant name: _itoa. See online help for details.
  c:\program files (x86)\windows kits\10\include\10.0.22621.0\ucrt\stdlib.h(1316): note:  см. объявление "itoa"
d:\work\weather-json\weather\weather\weatherinformercontainer.cpp(396): warning C4996: 'strcpy': This function or variable may be unsafe. Consider using strcpy_s instead. To disable deprecation, use _CRT_SECURE_NO_WARNINGS. See online help for details.
  c:\program files (x86)\windows kits\10\include\10.0.22621.0\ucrt\string.h(130): note:  см. объявление "strcpy"
d:\work\weather-json\weather\weather\weatherinformercontainer.cpp(397): warning C4996: 'strcat': This function or variable may be unsafe. Consider using strcat_s instead. To disable deprecation, use _CRT_SECURE_NO_WARNINGS. See online help for details.
  c:\program files (x86)\windows kits\10\include\10.0.22621.0\ucrt\string.h(91): note:  см. объявление "strcat"
d:\work\weather-json\weather\weather\weatherinformercontainer.cpp(398): warning C4996: 'strcat': This function or variable may be unsafe. Consider using strcat_s instead. To disable deprecation, use _CRT_SECURE_NO_WARNINGS. See online help for details.
  c:\program files (x86)\windows kits\10\include\10.0.22621.0\ucrt\string.h(91): note:  см. объявление "strcat"
d:\work\weather-json\weather\weather\weatherinformercontainer.cpp(401): warning C4996: 'strcpy': This function or variable may be unsafe. Consider using strcpy_s instead. To disable deprecation, use _CRT_SECURE_NO_WARNINGS. See online help for details.
  c:\program files (x86)\windows kits\10\include\10.0.22621.0\ucrt\string.h(130): note:  см. объявление "strcpy"
d:\work\weather-json\weather\weather\weatherinformercontainer.cpp(402): warning C4996: 'strcat': This function or variable may be unsafe. Consider using strcat_s instead. To disable deprecation, use _CRT_SECURE_NO_WARNINGS. See online help for details.
  c:\program files (x86)\windows kits\10\include\10.0.22621.0\ucrt\string.h(91): note:  см. объявление "strcat"
d:\work\weather-json\weather\weather\weatherinformercontainer.cpp(403): warning C4996: 'strcat': This function or variable may be unsafe. Consider using strcat_s instead. To disable deprecation, use _CRT_SECURE_NO_WARNINGS. See online help for details.
  c:\program files (x86)\windows kits\10\include\10.0.22621.0\ucrt\string.h(91): note:  см. объявление "strcat"
d:\work\weather-json\weather\weather\weatherinformercontainer.cpp(406): warning C4996: 'strcpy': This function or variable may be unsafe. Consider using strcpy_s instead. To disable deprecation, use _CRT_SECURE_NO_WARNINGS. See online help for details.
  c:\program files (x86)\windows kits\10\include\10.0.22621.0\ucrt\string.h(130): note:  см. объявление "strcpy"
d:\work\weather-json\weather\weather\weatherinformercontainer.cpp(407): warning C4996: 'strcat': This function or variable may be unsafe. Consider using strcat_s instead. To disable deprecation, use _CRT_SECURE_NO_WARNINGS. See online help for details.
  c:\program files (x86)\windows kits\10\include\10.0.22621.0\ucrt\string.h(91): note:  см. объявление "strcat"
d:\work\weather-json\weather\weather\weatherinformercontainer.cpp(408): warning C4996: 'strcat': This function or variable may be unsafe. Consider using strcat_s instead. To disable deprecation, use _CRT_SECURE_NO_WARNINGS. See online help for details.
  c:\program files (x86)\windows kits\10\include\10.0.22621.0\ucrt\string.h(91): note:  см. объявление "strcat"
d:\work\weather-json\weather\weather\weatherinformercontainer.cpp(411): warning C4996: 'itoa': The POSIX name for this item is deprecated. Instead, use the ISO C and C++ conformant name: _itoa. See online help for details.
  c:\program files (x86)\windows kits\10\include\10.0.22621.0\ucrt\stdlib.h(1316): note:  см. объявление "itoa"
d:\work\weather-json\weather\weather\weatherinformercontainer.cpp(412): warning C4996: 'strcpy': This function or variable may be unsafe. Consider using strcpy_s instead. To disable deprecation, use _CRT_SECURE_NO_WARNINGS. See online help for details.
  c:\program files (x86)\windows kits\10\include\10.0.22621.0\ucrt\string.h(130): note:  см. объявление "strcpy"
d:\work\weather-json\weather\weather\weatherinformercontainer.cpp(413): warning C4996: 'strcat': This function or variable may be unsafe. Consider using strcat_s instead. To disable deprecation, use _CRT_SECURE_NO_WARNINGS. See online help for details.
  c:\program files (x86)\windows kits\10\include\10.0.22621.0\ucrt\string.h(91): note:  см. объявление "strcat"
d:\work\weather-json\weather\weather\weatherinformercontainer.cpp(414): warning C4996: 'strcat': This function or variable may be unsafe. Consider using strcat_s instead. To disable deprecation, use _CRT_SECURE_NO_WARNINGS. See online help for details.
  c:\program files (x86)\windows kits\10\include\10.0.22621.0\ucrt\string.h(91): note:  см. объявление "strcat"
d:\work\weather-json\weather\weather\weatherinformercontainer.cpp(417): warning C4996: 'itoa': The POSIX name for this item is deprecated. Instead, use the ISO C and C++ conformant name: _itoa. See online help for details.
  c:\program files (x86)\windows kits\10\include\10.0.22621.0\ucrt\stdlib.h(1316): note:  см. объявление "itoa"
d:\work\weather-json\weather\weather\weatherinformercontainer.cpp(418): warning C4996: 'strcpy': This function or variable may be unsafe. Consider using strcpy_s instead. To disable deprecation, use _CRT_SECURE_NO_WARNINGS. See online help for details.
  c:\program files (x86)\windows kits\10\include\10.0.22621.0\ucrt\string.h(130): note:  см. объявление "strcpy"
d:\work\weather-json\weather\weather\weatherinformercontainer.cpp(419): warning C4996: 'strcat': This function or variable may be unsafe. Consider using strcat_s instead. To disable deprecation, use _CRT_SECURE_NO_WARNINGS. See online help for details.
  c:\program files (x86)\windows kits\10\include\10.0.22621.0\ucrt\string.h(91): note:  см. объявление "strcat"
d:\work\weather-json\weather\weather\weatherinformercontainer.cpp(420): warning C4996: 'strcat': This function or variable may be unsafe. Consider using strcat_s instead. To disable deprecation, use _CRT_SECURE_NO_WARNINGS. See online help for details.
  c:\program files (x86)\windows kits\10\include\10.0.22621.0\ucrt\string.h(91): note:  см. объявление "strcat"
d:\work\weather-json\weather\weather\weatherinformercontainer.cpp(423): warning C4996: 'itoa': The POSIX name for this item is deprecated. Instead, use the ISO C and C++ conformant name: _itoa. See online help for details.
  c:\program files (x86)\windows kits\10\include\10.0.22621.0\ucrt\stdlib.h(1316): note:  см. объявление "itoa"
d:\work\weather-json\weather\weather\weatherinformercontainer.cpp(424): warning C4996: 'strcpy': This function or variable may be unsafe. Consider using strcpy_s instead. To disable deprecation, use _CRT_SECURE_NO_WARNINGS. See online help for details.
  c:\program files (x86)\windows kits\10\include\10.0.22621.0\ucrt\string.h(130): note:  см. объявление "strcpy"
d:\work\weather-json\weather\weather\weatherinformercontainer.cpp(425): warning C4996: 'strcat': This function or variable may be unsafe. Consider using strcat_s instead. To disable deprecation, use _CRT_SECURE_NO_WARNINGS. See online help for details.
  c:\program files (x86)\windows kits\10\include\10.0.22621.0\ucrt\string.h(91): note:  см. объявление "strcat"
d:\work\weather-json\weather\weather\weatherinformercontainer.cpp(426): warning C4996: 'strcat': This function or variable may be unsafe. Consider using strcat_s instead. To disable deprecation, use _CRT_SECURE_NO_WARNINGS. See online help for details.
  c:\program files (x86)\windows kits\10\include\10.0.22621.0\ucrt\string.h(91): note:  см. объявление "strcat"
d:\work\weather-json\weather\weather\weatherinformercontainer.cpp(429): warning C4996: 'itoa': The POSIX name for this item is deprecated. Instead, use the ISO C and C++ conformant name: _itoa. See online help for details.
  c:\program files (x86)\windows kits\10\include\10.0.22621.0\ucrt\stdlib.h(1316): note:  см. объявление "itoa"
d:\work\weather-json\weather\weather\weatherinformercontainer.cpp(430): warning C4996: 'strcpy': This function or variable may be unsafe. Consider using strcpy_s instead. To disable deprecation, use _CRT_SECURE_NO_WARNINGS. See online help for details.
  c:\program files (x86)\windows kits\10\include\10.0.22621.0\ucrt\string.h(130): note:  см. объявление "strcpy"
d:\work\weather-json\weather\weather\weatherinformercontainer.cpp(431): warning C4996: 'strcat': This function or variable may be unsafe. Consider using strcat_s instead. To disable deprecation, use _CRT_SECURE_NO_WARNINGS. See online help for details.
  c:\program files (x86)\windows kits\10\include\10.0.22621.0\ucrt\string.h(91): note:  см. объявление "strcat"
d:\work\weather-json\weather\weather\weatherinformercontainer.cpp(432): warning C4996: 'strcat': This function or variable may be unsafe. Consider using strcat_s instead. To disable deprecation, use _CRT_SECURE_NO_WARNINGS. See online help for details.
  c:\program files (x86)\windows kits\10\include\10.0.22621.0\ucrt\string.h(91): note:  см. объявление "strcat"
d:\work\weather-json\weather\weather\weatherinformercontainer.cpp(435): warning C4996: 'itoa': The POSIX name for this item is deprecated. Instead, use the ISO C and C++ conformant name: _itoa. See online help for details.
  c:\program files (x86)\windows kits\10\include\10.0.22621.0\ucrt\stdlib.h(1316): note:  см. объявление "itoa"
d:\work\weather-json\weather\weather\weatherinformercontainer.cpp(436): warning C4996: 'strcpy': This function or variable may be unsafe. Consider using strcpy_s instead. To disable deprecation, use _CRT_SECURE_NO_WARNINGS. See online help for details.
  c:\program files (x86)\windows kits\10\include\10.0.22621.0\ucrt\string.h(130): note:  см. объявление "strcpy"
d:\work\weather-json\weather\weather\weatherinformercontainer.cpp(437): warning C4996: 'strcat': This function or variable may be unsafe. Consider using strcat_s instead. To disable deprecation, use _CRT_SECURE_NO_WARNINGS. See online help for details.
  c:\program files (x86)\windows kits\10\include\10.0.22621.0\ucrt\string.h(91): note:  см. объявление "strcat"
d:\work\weather-json\weather\weather\weatherinformercontainer.cpp(438): warning C4996: 'strcat': This function or variable may be unsafe. Consider using strcat_s instead. To disable deprecation, use _CRT_SECURE_NO_WARNINGS. See online help for details.
  c:\program files (x86)\windows kits\10\include\10.0.22621.0\ucrt\string.h(91): note:  см. объявление "strcat"
d:\work\weather-json\weather\weather\weatherinformercontainer.cpp(441): warning C4996: 'itoa': The POSIX name for this item is deprecated. Instead, use the ISO C and C++ conformant name: _itoa. See online help for details.
  c:\program files (x86)\windows kits\10\include\10.0.22621.0\ucrt\stdlib.h(1316): note:  см. объявление "itoa"
d:\work\weather-json\weather\weather\weatherinformercontainer.cpp(442): warning C4996: 'strcpy': This function or variable may be unsafe. Consider using strcpy_s instead. To disable deprecation, use _CRT_SECURE_NO_WARNINGS. See online help for details.
  c:\program files (x86)\windows kits\10\include\10.0.22621.0\ucrt\string.h(130): note:  см. объявление "strcpy"
d:\work\weather-json\weather\weather\weatherinformercontainer.cpp(443): warning C4996: 'strcat': This function or variable may be unsafe. Consider using strcat_s instead. To disable deprecation, use _CRT_SECURE_NO_WARNINGS. See online help for details.
  c:\program files (x86)\windows kits\10\include\10.0.22621.0\ucrt\string.h(91): note:  см. объявление "strcat"
d:\work\weather-json\weather\weather\weatherinformercontainer.cpp(444): warning C4996: 'strcat': This function or variable may be unsafe. Consider using strcat_s instead. To disable deprecation, use _CRT_SECURE_NO_WARNINGS. See online help for details.
  c:\program files (x86)\windows kits\10\include\10.0.22621.0\ucrt\string.h(91): note:  см. объявление "strcat"
d:\work\weather-json\weather\weather\weatherinformercontainer.cpp(447): warning C4996: 'itoa': The POSIX name for this item is deprecated. Instead, use the ISO C and C++ conformant name: _itoa. See online help for details.
  c:\program files (x86)\windows kits\10\include\10.0.22621.0\ucrt\stdlib.h(1316): note:  см. объявление "itoa"
d:\work\weather-json\weather\weather\weatherinformercontainer.cpp(448): warning C4996: 'strcpy': This function or variable may be unsafe. Consider using strcpy_s instead. To disable deprecation, use _CRT_SECURE_NO_WARNINGS. See online help for details.
  c:\program files (x86)\windows kits\10\include\10.0.22621.0\ucrt\string.h(130): note:  см. объявление "strcpy"
d:\work\weather-json\weather\weather\weatherinformercontainer.cpp(449): warning C4996: 'strcat': This function or variable may be unsafe. Consider using strcat_s instead. To disable deprecation, use _CRT_SECURE_NO_WARNINGS. See online help for details.
  c:\program files (x86)\windows kits\10\include\10.0.22621.0\ucrt\string.h(91): note:  см. объявление "strcat"
d:\work\weather-json\weather\weather\weatherinformercontainer.cpp(450): warning C4996: 'strcat': This function or variable may be unsafe. Consider using strcat_s instead. To disable deprecation, use _CRT_SECURE_NO_WARNINGS. See online help for details.
  c:\program files (x86)\windows kits\10\include\10.0.22621.0\ucrt\string.h(91): note:  см. объявление "strcat"
d:\work\weather-json\weather\weather\weatherinformercontainer.cpp(453): warning C4996: 'itoa': The POSIX name for this item is deprecated. Instead, use the ISO C and C++ conformant name: _itoa. See online help for details.
  c:\program files (x86)\windows kits\10\include\10.0.22621.0\ucrt\stdlib.h(1316): note:  см. объявление "itoa"
d:\work\weather-json\weather\weather\weatherinformercontainer.cpp(454): warning C4996: 'strcpy': This function or variable may be unsafe. Consider using strcpy_s instead. To disable deprecation, use _CRT_SECURE_NO_WARNINGS. See online help for details.
  c:\program files (x86)\windows kits\10\include\10.0.22621.0\ucrt\string.h(130): note:  см. объявление "strcpy"
d:\work\weather-json\weather\weather\weatherinformercontainer.cpp(455): warning C4996: 'strcat': This function or variable may be unsafe. Consider using strcat_s instead. To disable deprecation, use _CRT_SECURE_NO_WARNINGS. See online help for details.
  c:\program files (x86)\windows kits\10\include\10.0.22621.0\ucrt\string.h(91): note:  см. объявление "strcat"
d:\work\weather-json\weather\weather\weatherinformercontainer.cpp(456): warning C4996: 'strcat': This function or variable may be unsafe. Consider using strcat_s instead. To disable deprecation, use _CRT_SECURE_NO_WARNINGS. See online help for details.
  c:\program files (x86)\windows kits\10\include\10.0.22621.0\ucrt\string.h(91): note:  см. объявление "strcat"
d:\work\weather-json\weather\weather\weatherinformercontainer.cpp(459): warning C4996: 'itoa': The POSIX name for this item is deprecated. Instead, use the ISO C and C++ conformant name: _itoa. See online help for details.
  c:\program files (x86)\windows kits\10\include\10.0.22621.0\ucrt\stdlib.h(1316): note:  см. объявление "itoa"
d:\work\weather-json\weather\weather\weatherinformercontainer.cpp(460): warning C4996: 'strcpy': This function or variable may be unsafe. Consider using strcpy_s instead. To disable deprecation, use _CRT_SECURE_NO_WARNINGS. See online help for details.
  c:\program files (x86)\windows kits\10\include\10.0.22621.0\ucrt\string.h(130): note:  см. объявление "strcpy"
d:\work\weather-json\weather\weather\weatherinformercontainer.cpp(461): warning C4996: 'strcat': This function or variable may be unsafe. Consider using strcat_s instead. To disable deprecation, use _CRT_SECURE_NO_WARNINGS. See online help for details.
  c:\program files (x86)\windows kits\10\include\10.0.22621.0\ucrt\string.h(91): note:  см. объявление "strcat"
d:\work\weather-json\weather\weather\weatherinformercontainer.cpp(462): warning C4996: 'strcat': This function or variable may be unsafe. Consider using strcat_s instead. To disable deprecation, use _CRT_SECURE_NO_WARNINGS. See online help for details.
  c:\program files (x86)\windows kits\10\include\10.0.22621.0\ucrt\string.h(91): note:  см. объявление "strcat"
d:\work\weather-json\weather\weather\weatherinformercontainer.cpp(465): warning C4996: 'strcpy': This function or variable may be unsafe. Consider using strcpy_s instead. To disable deprecation, use _CRT_SECURE_NO_WARNINGS. See online help for details.
  c:\program files (x86)\windows kits\10\include\10.0.22621.0\ucrt\string.h(130): note:  см. объявление "strcpy"
d:\work\weather-json\weather\weather\weatherinformercontainer.cpp(466): warning C4996: 'strcat': This function or variable may be unsafe. Consider using strcat_s instead. To disable deprecation, use _CRT_SECURE_NO_WARNINGS. See online help for details.
  c:\program files (x86)\windows kits\10\include\10.0.22621.0\ucrt\string.h(91): note:  см. объявление "strcat"
d:\work\weather-json\weather\weather\weatherinformercontainer.cpp(467): warning C4996: 'strcat': This function or variable may be unsafe. Consider using strcat_s instead. To disable deprecation, use _CRT_SECURE_NO_WARNINGS. See online help for details.
  c:\program files (x86)\windows kits\10\include\10.0.22621.0\ucrt\string.h(91): note:  см. объявление "strcat"
d:\work\weather-json\weather\weather\weatherinformercontainer.cpp(470): warning C4996: 'itoa': The POSIX name for this item is deprecated. Instead, use the ISO C and C++ conformant name: _itoa. See online help for details.
  c:\program files (x86)\windows kits\10\include\10.0.22621.0\ucrt\stdlib.h(1316): note:  см. объявление "itoa"
d:\work\weather-json\weather\weather\weatherinformercontainer.cpp(471): warning C4996: 'strcpy': This function or variable may be unsafe. Consider using strcpy_s instead. To disable deprecation, use _CRT_SECURE_NO_WARNINGS. See online help for details.
  c:\program files (x86)\windows kits\10\include\10.0.22621.0\ucrt\string.h(130): note:  см. объявление "strcpy"
d:\work\weather-json\weather\weather\weatherinformercontainer.cpp(472): warning C4996: 'strcat': This function or variable may be unsafe. Consider using strcat_s instead. To disable deprecation, use _CRT_SECURE_NO_WARNINGS. See online help for details.
  c:\program files (x86)\windows kits\10\include\10.0.22621.0\ucrt\string.h(91): note:  см. объявление "strcat"
d:\work\weather-json\weather\weather\weatherinformercontainer.cpp(473): warning C4996: 'strcat': This function or variable may be unsafe. Consider using strcat_s instead. To disable deprecation, use _CRT_SECURE_NO_WARNINGS. See online help for details.
  c:\program files (x86)\windows kits\10\include\10.0.22621.0\ucrt\string.h(91): note:  см. объявление "strcat"
d:\work\weather-json\weather\weather\weatherinformercontainer.cpp(477): warning C4996: 'strcpy': This function or variable may be unsafe. Consider using strcpy_s instead. To disable deprecation, use _CRT_SECURE_NO_WARNINGS. See online help for details.
  c:\program files (x86)\windows kits\10\include\10.0.22621.0\ucrt\string.h(130): note:  см. объявление "strcpy"
  Создание кода...
  Weather.vcxproj -> d:\Work\WEATHER-JSON\Weather\Debug\Weather.exe
