d:\users\dr_peter\weather-json\weather\weather\debug\weather.pch
d:\users\dr_peter\weather-json\weather\weather\debug\stdafx.obj
d:\users\dr_peter\weather-json\weather\weather\debug\vc100.pdb
d:\users\dr_peter\weather-json\weather\weather\debug\arraylist.obj
d:\users\dr_peter\weather-json\weather\weather\debug\debug.obj
d:\users\dr_peter\weather-json\weather\weather\debug\json_object.obj
d:\users\dr_peter\weather-json\weather\weather\debug\json_tokener.obj
d:\users\dr_peter\weather-json\weather\weather\debug\json_util.obj
d:\users\dr_peter\weather-json\weather\weather\debug\linkhash.obj
d:\users\dr_peter\weather-json\weather\weather\debug\printbuf.obj
d:\users\dr_peter\weather-json\weather\weather\debug\weather.obj
d:\users\dr_peter\weather-json\weather\weather\debug\weatherinfo.obj
d:\users\dr_peter\weather-json\weather\weather\debug\weatherinformer.obj
d:\users\dr_peter\weather-json\weather\weather\debug\weatherinformercontainer.obj
d:\users\dr_peter\weather-json\weather\debug\weather.ilk
d:\users\dr_peter\weather-json\weather\debug\weather.exe
d:\users\dr_peter\weather-json\weather\weather\debug\weather.exe.intermediate.manifest
d:\users\dr_peter\weather-json\weather\debug\weather.pdb
d:\users\dr_peter\weather-json\weather\weather\debug\weather.exe.embed.manifest
d:\users\dr_peter\weather-json\weather\weather\debug\weather.exe.embed.manifest.res
d:\work\weather-json\weather\weather\debug\arraylist.obj
d:\work\weather-json\weather\weather\debug\debug.obj
d:\work\weather-json\weather\weather\debug\json_object.obj
d:\work\weather-json\weather\weather\debug\json_tokener.obj
d:\work\weather-json\weather\weather\debug\json_util.obj
d:\work\weather-json\weather\weather\debug\linkhash.obj
d:\work\weather-json\weather\weather\debug\printbuf.obj
d:\work\weather-json\weather\weather\debug\stdafx.obj
d:\work\weather-json\weather\weather\debug\weather.obj
d:\work\weather-json\weather\weather\debug\weatherinfo.obj
d:\work\weather-json\weather\weather\debug\weatherinformer.obj
d:\work\weather-json\weather\weather\debug\weatherinformercontainer.obj
d:\work\weather-json\weather\weather\debug\cl.command.1.tlog
d:\work\weather-json\weather\weather\debug\cl.read.1.tlog
d:\work\weather-json\weather\weather\debug\cl.write.1.tlog
d:\work\weather-json\weather\weather\debug\link-cvtres.read.1.tlog
d:\work\weather-json\weather\weather\debug\link-cvtres.write.1.tlog
d:\work\weather-json\weather\weather\debug\link.5696-cvtres.read.1.tlog
d:\work\weather-json\weather\weather\debug\link.5696-cvtres.write.1.tlog
d:\work\weather-json\weather\weather\debug\link.5696.read.1.tlog
d:\work\weather-json\weather\weather\debug\link.5696.write.1.tlog
d:\work\weather-json\weather\weather\debug\link.command.1.tlog
d:\work\weather-json\weather\weather\debug\link.read.1.tlog
d:\work\weather-json\weather\weather\debug\link.write.1.tlog
d:\work\weather-json\weather\weather\debug\mt.command.1.tlog
d:\work\weather-json\weather\weather\debug\mt.read.1.tlog
d:\work\weather-json\weather\weather\debug\mt.write.1.tlog
d:\work\weather-json\weather\weather\debug\rc.command.1.tlog
d:\work\weather-json\weather\weather\debug\rc.read.1.tlog
d:\work\weather-json\weather\weather\debug\rc.write.1.tlog
d:\work\weather-json\weather\weather\debug\weather.exe.embed.manifest
d:\work\weather-json\weather\weather\debug\weather.exe.intermediate.manifest
d:\work\weather-json\weather\weather\debug\weather.exe.embed.manifest.res
d:\work\weather-json\weather\weather\debug\weather.pch
d:\work\weather-json\weather\weather\debug\vc100.idb
d:\work\weather-json\weather\weather\debug\vc100.pdb
d:\work\weather-json\weather\weather\debug\weather_manifest.rc
d:\work\weather-json\weather\debug\weather.pdb
d:\work\weather-json\weather\debug\weather.exe
d:\work\weather-json\weather\debug\weather.ilk
